<?xml version="1.0" encoding="UTF-8"?>
<!-- Generated by org.testng.reporters.JUnitReportReporter -->
<testsuite hostname="DESKTOP-FUGQNF4" failures="0" tests="1" name="com.crm.sdet.organization.CreateOrganization" time="26.828" errors="0" timestamp="2023-05-16T19:52:01 IST" skipped="0">
  <testcase classname="com.crm.sdet.organization.CreateOrganization" name="createOrganization" time="26.828"/>
  <system-out/>
</testsuite> <!-- com.crm.sdet.organization.CreateOrganization -->
