<?xml version="1.0" encoding="UTF-8"?>
<!-- Generated by org.testng.reporters.JUnitReportReporter -->
<testsuite hostname="DESKTOP-FUGQNF4" failures="0" tests="4" name="practise.Sample" time="0.022" errors="0" timestamp="2023-05-15T22:08:32 IST" skipped="0">
  <testcase classname="practise.Sample" name="deletecontact" time="0.012"/>
  <system-out/>
  <testcase classname="practise.Sample" name="createcontact" time="0.002"/>
  <system-out/>
  <testcase classname="practise.Sample" name="modifiedcontact" time="0.005"/>
  <system-out/>
  <testcase classname="practise.Sample" name="searchcontact" time="0.003"/>
  <system-out/>
</testsuite> <!-- practise.Sample -->
