<?xml version="1.0" encoding="UTF-8"?>
<!-- Generated by org.testng.reporters.JUnitReportReporter -->
<testsuite hostname="DESKTOP-FUGQNF4" failures="0" tests="1" name="com.crm.sdet.product.CreateProductDeletepProduct" time="37.463" errors="0" timestamp="2023-05-16T19:54:29 IST" skipped="0">
  <testcase classname="com.crm.sdet.product.CreateProductDeletepProduct" name="createProductDeletepProduct" time="37.463"/>
  <system-out/>
</testsuite> <!-- com.crm.sdet.product.CreateProductDeletepProduct -->
