<?xml version="1.0" encoding="UTF-8"?>
<!-- Generated by org.testng.reporters.JUnitReportReporter -->
<testsuite hostname="DESKTOP-FUGQNF4" failures="0" tests="2" name="practise.HardAssertSample" time="0.014" errors="0" timestamp="2023-05-18T17:16:20 IST" skipped="0">
  <testcase classname="practise.HardAssertSample" name="modifyCustomer" time="0.002"/>
  <system-out/>
  <testcase classname="practise.HardAssertSample" name="createCustomer" time="0.012"/>
  <system-out/>
</testsuite> <!-- practise.HardAssertSample -->
