<?xml version="1.0" encoding="UTF-8"?>
<!-- Generated by org.testng.reporters.JUnitReportReporter -->
<testsuite hostname="DESKTOP-FUGQNF4" failures="0" tests="1" name="com.crm.sdet.campaign.Createcampaign" time="25.139" errors="0" timestamp="2023-05-16T19:48:23 IST" skipped="0">
  <testcase classname="com.crm.sdet.campaign.Createcampaign" name="createOrganization" time="25.139"/>
  <system-out/>
</testsuite> <!-- com.crm.sdet.campaign.Createcampaign -->
