<?xml version="1.0" encoding="UTF-8"?>
<!-- Generated by org.testng.reporters.JUnitReportReporter -->
<testsuite hostname="DESKTOP-FUGQNF4" failures="0" tests="1" name="practise.Demo" time="0.003" errors="0" timestamp="2023-05-17T21:12:58 IST" skipped="0">
  <testcase classname="practise.Demo" name="modifycontact" time="0.003"/>
  <system-out/>
</testsuite> <!-- practise.Demo -->
