<?xml version="1.0" encoding="UTF-8"?>
<!-- Generated by org.testng.reporters.JUnitReportReporter -->
<testsuite hostname="DESKTOP-FUGQNF4" failures="0" tests="5" name="practise.Dataprovidertest" time="0.026" errors="0" timestamp="2023-05-21T14:02:20 IST" skipped="0">
  <testcase classname="practise.Dataprovidertest" name="bookTicket" time="0.005"/>
  <system-out/>
  <testcase classname="practise.Dataprovidertest" name="bookTicket" time="0.003"/>
  <system-out/>
  <testcase classname="practise.Dataprovidertest" name="bookTicket" time="0.006"/>
  <system-out/>
  <testcase classname="practise.Dataprovidertest" name="bookTicket" time="0.010"/>
  <system-out/>
  <testcase classname="practise.Dataprovidertest" name="bookTicket" time="0.002"/>
  <system-out/>
</testsuite> <!-- practise.Dataprovidertest -->
