<?xml version="1.0" encoding="UTF-8"?>
<!-- Generated by org.testng.reporters.JUnitReportReporter -->
<testsuite hostname="DESKTOP-FUGQNF4" failures="0" tests="1" name="com.crm.sdet.product.CreateProductDeletepProductTest" time="32.570" errors="0" timestamp="2023-05-21T13:09:19 IST" skipped="0">
  <testcase classname="com.crm.sdet.product.CreateProductDeletepProductTest" name="createProductDeletepProduct" time="32.570"/>
  <system-out/>
</testsuite> <!-- com.crm.sdet.product.CreateProductDeletepProductTest -->
