<?xml version="1.0" encoding="UTF-8"?>
<!-- Generated by org.testng.reporters.JUnitReportReporter -->
<testsuite hostname="DESKTOP-FUGQNF4" failures="0" tests="1" name="practise.Samplenew" time="0.013" errors="0" timestamp="2023-05-17T21:12:58 IST" skipped="0">
  <testcase classname="practise.Samplenew" name="createcontact" time="0.013"/>
  <system-out/>
</testsuite> <!-- practise.Samplenew -->
